<?xml version="1.0" encoding="UTF-8"?>
<testsuite xmlns:xsi="http://www.w3.org/2001/XMLSchema-instance" xsi:noNamespaceSchemaLocation="https://maven.apache.org/surefire/maven-surefire-plugin/xsd/surefire-test-report-3.0.xsd" version="3.0" name="com.example.bankService.WorkflowTest" time="6.873" tests="1" errors="0" skipped="0" failures="0">
  <properties>
    <property name="java.specification.version" value="17"/>
    <property name="sun.cpu.isalist" value="amd64"/>
    <property name="sun.jnu.encoding" value="Cp1252"/>
    <property name="java.class.path" value="C:\Users\rm113162\Documents\camunda-dev\bank-service-application\target\test-classes;C:\Users\rm113162\Documents\camunda-dev\bank-service-application\target\classes;C:\Users\rm113162\.m2\repository\org\camunda\bpm\springboot\camunda-bpm-spring-boot-starter-rest\7.22.0\camunda-bpm-spring-boot-starter-rest-7.22.0.jar;C:\Users\rm113162\.m2\repository\org\camunda\bpm\springboot\camunda-bpm-spring-boot-starter\7.22.0\camunda-bpm-spring-boot-starter-7.22.0.jar;C:\Users\rm113162\.m2\repository\org\camunda\bpm\camunda-engine-spring-6\7.22.0\camunda-engine-spring-6-7.22.0.jar;C:\Users\rm113162\.m2\repository\org\camunda\bpm\camunda-engine\7.22.0\camunda-engine-7.22.0.jar;C:\Users\rm113162\.m2\repository\org\camunda\bpm\model\camunda-bpmn-model\7.22.0\camunda-bpmn-model-7.22.0.jar;C:\Users\rm113162\.m2\repository\org\camunda\bpm\model\camunda-xml-model\7.22.0\camunda-xml-model-7.22.0.jar;C:\Users\rm113162\.m2\repository\org\camunda\bpm\model\camunda-cmmn-model\7.22.0\camunda-cmmn-model-7.22.0.jar;C:\Users\rm113162\.m2\repository\org\camunda\bpm\juel\camunda-juel\7.22.0\camunda-juel-7.22.0.jar;C:\Users\rm113162\.m2\repository\org\camunda\bpm\dmn\camunda-engine-dmn\7.22.0\camunda-engine-dmn-7.22.0.jar;C:\Users\rm113162\.m2\repository\org\camunda\bpm\model\camunda-dmn-model\7.22.0\camunda-dmn-model-7.22.0.jar;C:\Users\rm113162\.m2\repository\org\camunda\bpm\dmn\camunda-engine-feel-api\7.22.0\camunda-engine-feel-api-7.22.0.jar;C:\Users\rm113162\.m2\repository\org\camunda\bpm\dmn\camunda-engine-feel-juel\7.22.0\camunda-engine-feel-juel-7.22.0.jar;C:\Users\rm113162\.m2\repository\org\camunda\bpm\dmn\camunda-engine-feel-scala\7.22.0\camunda-engine-feel-scala-7.22.0.jar;C:\Users\rm113162\.m2\repository\org\camunda\feel\feel-engine\1.17.5\feel-engine-1.17.5-scala-shaded.jar;C:\Users\rm113162\.m2\repository\org\camunda\commons\camunda-commons-typed-values\7.22.0\camunda-commons-typed-values-7.22.0.jar;C:\Users\rm113162\.m2\repository\org\mybatis\mybatis\3.5.15\mybatis-3.5.15.jar;C:\Users\rm113162\.m2\repository\joda-time\joda-time\2.12.5\joda-time-2.12.5.jar;C:\Users\rm113162\.m2\repository\org\springframework\spring-context\6.1.12\spring-context-6.1.12.jar;C:\Users\rm113162\.m2\repository\org\springframework\spring-tx\6.1.12\spring-tx-6.1.12.jar;C:\Users\rm113162\.m2\repository\org\springframework\spring-orm\6.1.12\spring-orm-6.1.12.jar;C:\Users\rm113162\.m2\repository\org\springframework\boot\spring-boot-autoconfigure\3.3.3\spring-boot-autoconfigure-3.3.3.jar;C:\Users\rm113162\.m2\repository\org\apache\commons\commons-lang3\3.14.0\commons-lang3-3.14.0.jar;C:\Users\rm113162\.m2\repository\com\fasterxml\uuid\java-uuid-generator\4.3.0\java-uuid-generator-4.3.0.jar;C:\Users\rm113162\.m2\repository\com\sun\xml\bind\jaxb-impl\4.0.5\jaxb-impl-4.0.5.jar;C:\Users\rm113162\.m2\repository\com\sun\xml\bind\jaxb-core\4.0.5\jaxb-core-4.0.5.jar;C:\Users\rm113162\.m2\repository\org\eclipse\angus\angus-activation\2.0.2\angus-activation-2.0.2.jar;C:\Users\rm113162\.m2\repository\org\camunda\bpm\camunda-engine-rest-core-jakarta\7.22.0\camunda-engine-rest-core-jakarta-7.22.0.jar;C:\Users\rm113162\.m2\repository\commons-fileupload\commons-fileupload\1.5\commons-fileupload-1.5.jar;C:\Users\rm113162\.m2\repository\commons-io\commons-io\2.8.0\commons-io-2.8.0.jar;C:\Users\rm113162\.m2\repository\com\fasterxml\jackson\jakarta\rs\jackson-jakarta-rs-json-provider\2.17.2\jackson-jakarta-rs-json-provider-2.17.2.jar;C:\Users\rm113162\.m2\repository\com\fasterxml\jackson\jakarta\rs\jackson-jakarta-rs-base\2.17.2\jackson-jakarta-rs-base-2.17.2.jar;C:\Users\rm113162\.m2\repository\com\fasterxml\jackson\module\jackson-module-jakarta-xmlbind-annotations\2.17.2\jackson-module-jakarta-xmlbind-annotations-2.17.2.jar;C:\Users\rm113162\.m2\repository\com\fasterxml\jackson\datatype\jackson-datatype-jsr310\2.17.2\jackson-datatype-jsr310-2.17.2.jar;C:\Users\rm113162\.m2\repository\org\springframework\boot\spring-boot-starter-jersey\3.3.3\spring-boot-starter-jersey-3.3.3.jar;C:\Users\rm113162\.m2\repository\org\springframework\boot\spring-boot-starter-validation\3.3.3\spring-boot-starter-validation-3.3.3.jar;C:\Users\rm113162\.m2\repository\org\hibernate\validator\hibernate-validator\8.0.1.Final\hibernate-validator-8.0.1.Final.jar;C:\Users\rm113162\.m2\repository\com\fasterxml\classmate\1.7.0\classmate-1.7.0.jar;C:\Users\rm113162\.m2\repository\org\glassfish\jersey\containers\jersey-container-servlet-core\3.1.8\jersey-container-servlet-core-3.1.8.jar;C:\Users\rm113162\.m2\repository\jakarta\inject\jakarta.inject-api\2.0.1\jakarta.inject-api-2.0.1.jar;C:\Users\rm113162\.m2\repository\org\glassfish\jersey\core\jersey-common\3.1.8\jersey-common-3.1.8.jar;C:\Users\rm113162\.m2\repository\org\glassfish\hk2\osgi-resource-locator\1.0.3\osgi-resource-locator-1.0.3.jar;C:\Users\rm113162\.m2\repository\jakarta\ws\rs\jakarta.ws.rs-api\3.1.0\jakarta.ws.rs-api-3.1.0.jar;C:\Users\rm113162\.m2\repository\org\glassfish\jersey\containers\jersey-container-servlet\3.1.8\jersey-container-servlet-3.1.8.jar;C:\Users\rm113162\.m2\repository\org\glassfish\jersey\core\jersey-server\3.1.8\jersey-server-3.1.8.jar;C:\Users\rm113162\.m2\repository\org\glassfish\jersey\core\jersey-client\3.1.8\jersey-client-3.1.8.jar;C:\Users\rm113162\.m2\repository\jakarta\validation\jakarta.validation-api\3.0.2\jakarta.validation-api-3.0.2.jar;C:\Users\rm113162\.m2\repository\org\glassfish\jersey\ext\jersey-bean-validation\3.1.8\jersey-bean-validation-3.1.8.jar;C:\Users\rm113162\.m2\repository\org\jboss\logging\jboss-logging\3.5.3.Final\jboss-logging-3.5.3.Final.jar;C:\Users\rm113162\.m2\repository\org\glassfish\expressly\expressly\5.0.0\expressly-5.0.0.jar;C:\Users\rm113162\.m2\repository\org\glassfish\jersey\ext\jersey-spring6\3.1.8\jersey-spring6-3.1.8.jar;C:\Users\rm113162\.m2\repository\org\glassfish\jersey\inject\jersey-hk2\3.1.8\jersey-hk2-3.1.8.jar;C:\Users\rm113162\.m2\repository\org\glassfish\hk2\hk2-locator\3.0.6\hk2-locator-3.0.6.jar;C:\Users\rm113162\.m2\repository\org\glassfish\hk2\external\aopalliance-repackaged\3.0.6\aopalliance-repackaged-3.0.6.jar;C:\Users\rm113162\.m2\repository\org\javassist\javassist\3.30.2-GA\javassist-3.30.2-GA.jar;C:\Users\rm113162\.m2\repository\org\glassfish\hk2\hk2\3.0.6\hk2-3.0.6.jar;C:\Users\rm113162\.m2\repository\org\glassfish\hk2\hk2-utils\3.0.6\hk2-utils-3.0.6.jar;C:\Users\rm113162\.m2\repository\org\glassfish\hk2\hk2-api\3.0.6\hk2-api-3.0.6.jar;C:\Users\rm113162\.m2\repository\org\glassfish\hk2\hk2-core\3.0.6\hk2-core-3.0.6.jar;C:\Users\rm113162\.m2\repository\org\glassfish\hk2\hk2-runlevel\3.0.6\hk2-runlevel-3.0.6.jar;C:\Users\rm113162\.m2\repository\org\glassfish\hk2\class-model\3.0.6\class-model-3.0.6.jar;C:\Users\rm113162\.m2\repository\org\glassfish\hk2\spring-bridge\3.0.6\spring-bridge-3.0.6.jar;C:\Users\rm113162\.m2\repository\org\glassfish\jersey\media\jersey-media-json-jackson\3.1.8\jersey-media-json-jackson-3.1.8.jar;C:\Users\rm113162\.m2\repository\org\glassfish\jersey\ext\jersey-entity-filtering\3.1.8\jersey-entity-filtering-3.1.8.jar;C:\Users\rm113162\.m2\repository\org\camunda\bpm\springboot\camunda-bpm-spring-boot-starter-webapp\7.22.0\camunda-bpm-spring-boot-starter-webapp-7.22.0.jar;C:\Users\rm113162\.m2\repository\org\camunda\bpm\springboot\camunda-bpm-spring-boot-starter-webapp-core\7.22.0\camunda-bpm-spring-boot-starter-webapp-core-7.22.0.jar;C:\Users\rm113162\.m2\repository\org\camunda\bpm\webapp\camunda-webapp-jakarta\7.22.0\camunda-webapp-jakarta-7.22.0-classes.jar;C:\Users\rm113162\.m2\repository\org\camunda\bpm\webapp\camunda-webapp-webjar\7.22.0\camunda-webapp-webjar-7.22.0.jar;C:\Users\rm113162\.m2\repository\org\camunda\bpm\camunda-engine-plugin-spin\7.22.0\camunda-engine-plugin-spin-7.22.0.jar;C:\Users\rm113162\.m2\repository\org\camunda\bpm\springboot\camunda-bpm-spring-boot-starter-test\7.22.0\camunda-bpm-spring-boot-starter-test-7.22.0.jar;C:\Users\rm113162\.m2\repository\org\springframework\boot\spring-boot-starter-test\3.3.3\spring-boot-starter-test-3.3.3.jar;C:\Users\rm113162\.m2\repository\org\springframework\boot\spring-boot-test\3.3.3\spring-boot-test-3.3.3.jar;C:\Users\rm113162\.m2\repository\org\springframework\boot\spring-boot-test-autoconfigure\3.3.3\spring-boot-test-autoconfigure-3.3.3.jar;C:\Users\rm113162\.m2\repository\jakarta\xml\bind\jakarta.xml.bind-api\4.0.2\jakarta.xml.bind-api-4.0.2.jar;C:\Users\rm113162\.m2\repository\jakarta\activation\jakarta.activation-api\2.1.3\jakarta.activation-api-2.1.3.jar;C:\Users\rm113162\.m2\repository\net\minidev\json-smart\2.5.1\json-smart-2.5.1.jar;C:\Users\rm113162\.m2\repository\net\minidev\accessors-smart\2.5.1\accessors-smart-2.5.1.jar;C:\Users\rm113162\.m2\repository\org\awaitility\awaitility\4.2.2\awaitility-4.2.2.jar;C:\Users\rm113162\.m2\repository\org\hamcrest\hamcrest\2.2\hamcrest-2.2.jar;C:\Users\rm113162\.m2\repository\org\junit\jupiter\junit-jupiter\5.10.3\junit-jupiter-5.10.3.jar;C:\Users\rm113162\.m2\repository\org\junit\jupiter\junit-jupiter-api\5.10.3\junit-jupiter-api-5.10.3.jar;C:\Users\rm113162\.m2\repository\org\junit\jupiter\junit-jupiter-params\5.10.3\junit-jupiter-params-5.10.3.jar;C:\Users\rm113162\.m2\repository\org\junit\jupiter\junit-jupiter-engine\5.10.3\junit-jupiter-engine-5.10.3.jar;C:\Users\rm113162\.m2\repository\org\mockito\mockito-core\5.11.0\mockito-core-5.11.0.jar;C:\Users\rm113162\.m2\repository\net\bytebuddy\byte-buddy\1.14.19\byte-buddy-1.14.19.jar;C:\Users\rm113162\.m2\repository\net\bytebuddy\byte-buddy-agent\1.14.19\byte-buddy-agent-1.14.19.jar;C:\Users\rm113162\.m2\repository\org\objenesis\objenesis\3.3\objenesis-3.3.jar;C:\Users\rm113162\.m2\repository\org\mockito\mockito-junit-jupiter\5.11.0\mockito-junit-jupiter-5.11.0.jar;C:\Users\rm113162\.m2\repository\org\skyscreamer\jsonassert\1.5.3\jsonassert-1.5.3.jar;C:\Users\rm113162\.m2\repository\com\vaadin\external\google\android-json\0.0.20131108.vaadin1\android-json-0.0.20131108.vaadin1.jar;C:\Users\rm113162\.m2\repository\org\springframework\spring-core\6.1.12\spring-core-6.1.12.jar;C:\Users\rm113162\.m2\repository\org\springframework\spring-jcl\6.1.12\spring-jcl-6.1.12.jar;C:\Users\rm113162\.m2\repository\org\springframework\spring-test\6.1.12\spring-test-6.1.12.jar;C:\Users\rm113162\.m2\repository\org\xmlunit\xmlunit-core\2.9.1\xmlunit-core-2.9.1.jar;C:\Users\rm113162\.m2\repository\org\junit\vintage\junit-vintage-engine\5.10.3\junit-vintage-engine-5.10.3.jar;C:\Users\rm113162\.m2\repository\org\junit\platform\junit-platform-engine\1.10.3\junit-platform-engine-1.10.3.jar;C:\Users\rm113162\.m2\repository\org\opentest4j\opentest4j\1.3.0\opentest4j-1.3.0.jar;C:\Users\rm113162\.m2\repository\org\junit\platform\junit-platform-commons\1.10.3\junit-platform-commons-1.10.3.jar;C:\Users\rm113162\.m2\repository\junit\junit\4.13.2\junit-4.13.2.jar;C:\Users\rm113162\.m2\repository\org\apiguardian\apiguardian-api\1.1.2\apiguardian-api-1.1.2.jar;C:\Users\rm113162\.m2\repository\org\camunda\bpm\camunda-bpm-assert\7.22.0\camunda-bpm-assert-7.22.0.jar;C:\Users\rm113162\.m2\repository\org\springframework\boot\spring-boot-starter-web\3.3.3\spring-boot-starter-web-3.3.3.jar;C:\Users\rm113162\.m2\repository\org\springframework\boot\spring-boot-starter\3.3.3\spring-boot-starter-3.3.3.jar;C:\Users\rm113162\.m2\repository\org\springframework\boot\spring-boot\3.3.3\spring-boot-3.3.3.jar;C:\Users\rm113162\.m2\repository\org\springframework\boot\spring-boot-starter-logging\3.3.3\spring-boot-starter-logging-3.3.3.jar;C:\Users\rm113162\.m2\repository\ch\qos\logback\logback-classic\1.5.7\logback-classic-1.5.7.jar;C:\Users\rm113162\.m2\repository\ch\qos\logback\logback-core\1.5.7\logback-core-1.5.7.jar;C:\Users\rm113162\.m2\repository\org\apache\logging\log4j\log4j-to-slf4j\2.23.1\log4j-to-slf4j-2.23.1.jar;C:\Users\rm113162\.m2\repository\org\apache\logging\log4j\log4j-api\2.23.1\log4j-api-2.23.1.jar;C:\Users\rm113162\.m2\repository\org\slf4j\jul-to-slf4j\2.0.16\jul-to-slf4j-2.0.16.jar;C:\Users\rm113162\.m2\repository\jakarta\annotation\jakarta.annotation-api\2.1.1\jakarta.annotation-api-2.1.1.jar;C:\Users\rm113162\.m2\repository\org\yaml\snakeyaml\2.2\snakeyaml-2.2.jar;C:\Users\rm113162\.m2\repository\org\springframework\boot\spring-boot-starter-json\3.3.3\spring-boot-starter-json-3.3.3.jar;C:\Users\rm113162\.m2\repository\com\fasterxml\jackson\datatype\jackson-datatype-jdk8\2.17.2\jackson-datatype-jdk8-2.17.2.jar;C:\Users\rm113162\.m2\repository\com\fasterxml\jackson\module\jackson-module-parameter-names\2.17.2\jackson-module-parameter-names-2.17.2.jar;C:\Users\rm113162\.m2\repository\org\springframework\boot\spring-boot-starter-tomcat\3.3.3\spring-boot-starter-tomcat-3.3.3.jar;C:\Users\rm113162\.m2\repository\org\apache\tomcat\embed\tomcat-embed-core\10.1.28\tomcat-embed-core-10.1.28.jar;C:\Users\rm113162\.m2\repository\org\apache\tomcat\embed\tomcat-embed-el\10.1.28\tomcat-embed-el-10.1.28.jar;C:\Users\rm113162\.m2\repository\org\apache\tomcat\embed\tomcat-embed-websocket\10.1.28\tomcat-embed-websocket-10.1.28.jar;C:\Users\rm113162\.m2\repository\org\springframework\spring-web\6.1.12\spring-web-6.1.12.jar;C:\Users\rm113162\.m2\repository\org\springframework\spring-beans\6.1.12\spring-beans-6.1.12.jar;C:\Users\rm113162\.m2\repository\io\micrometer\micrometer-observation\1.13.3\micrometer-observation-1.13.3.jar;C:\Users\rm113162\.m2\repository\io\micrometer\micrometer-commons\1.13.3\micrometer-commons-1.13.3.jar;C:\Users\rm113162\.m2\repository\org\springframework\spring-webmvc\6.1.12\spring-webmvc-6.1.12.jar;C:\Users\rm113162\.m2\repository\org\springframework\spring-aop\6.1.12\spring-aop-6.1.12.jar;C:\Users\rm113162\.m2\repository\org\springframework\spring-expression\6.1.12\spring-expression-6.1.12.jar;C:\Users\rm113162\.m2\repository\com\h2database\h2\2.2.224\h2-2.2.224.jar;C:\Users\rm113162\.m2\repository\org\springframework\boot\spring-boot-starter-jdbc\3.3.3\spring-boot-starter-jdbc-3.3.3.jar;C:\Users\rm113162\.m2\repository\com\zaxxer\HikariCP\5.1.0\HikariCP-5.1.0.jar;C:\Users\rm113162\.m2\repository\org\slf4j\slf4j-api\2.0.16\slf4j-api-2.0.16.jar;C:\Users\rm113162\.m2\repository\org\springframework\spring-jdbc\6.1.12\spring-jdbc-6.1.12.jar;C:\Users\rm113162\.m2\repository\org\camunda\spin\camunda-spin-core\7.22.0\camunda-spin-core-7.22.0.jar;C:\Users\rm113162\.m2\repository\org\camunda\commons\camunda-commons-logging\7.22.0\camunda-commons-logging-7.22.0.jar;C:\Users\rm113162\.m2\repository\org\camunda\commons\camunda-commons-utils\7.22.0\camunda-commons-utils-7.22.0.jar;C:\Users\rm113162\.m2\repository\org\camunda\spin\camunda-spin-dataformat-json-jackson\7.22.0\camunda-spin-dataformat-json-jackson-7.22.0.jar;C:\Users\rm113162\.m2\repository\com\fasterxml\jackson\core\jackson-core\2.17.2\jackson-core-2.17.2.jar;C:\Users\rm113162\.m2\repository\com\fasterxml\jackson\core\jackson-databind\2.17.2\jackson-databind-2.17.2.jar;C:\Users\rm113162\.m2\repository\com\fasterxml\jackson\core\jackson-annotations\2.17.2\jackson-annotations-2.17.2.jar;C:\Users\rm113162\.m2\repository\com\jayway\jsonpath\json-path\2.9.0\json-path-2.9.0.jar;C:\Users\rm113162\.m2\repository\org\openjdk\nashorn\nashorn-core\15.4\nashorn-core-15.4.jar;C:\Users\rm113162\.m2\repository\org\ow2\asm\asm\7.3.1\asm-7.3.1.jar;C:\Users\rm113162\.m2\repository\org\ow2\asm\asm-commons\7.3.1\asm-commons-7.3.1.jar;C:\Users\rm113162\.m2\repository\org\ow2\asm\asm-analysis\7.3.1\asm-analysis-7.3.1.jar;C:\Users\rm113162\.m2\repository\org\ow2\asm\asm-tree\7.3.1\asm-tree-7.3.1.jar;C:\Users\rm113162\.m2\repository\org\ow2\asm\asm-util\7.3.1\asm-util-7.3.1.jar;C:\Users\rm113162\.m2\repository\org\assertj\assertj-core\3.13.2\assertj-core-3.13.2.jar;C:\Users\rm113162\.m2\repository\org\camunda\bpm\extension\camunda-bpm-junit5\1.0.2\camunda-bpm-junit5-1.0.2.jar;C:\Users\rm113162\.m2\repository\org\projectlombok\lombok\1.18.34\lombok-1.18.34.jar;"/>
    <property name="java.vm.vendor" value="Oracle Corporation"/>
    <property name="sun.arch.data.model" value="64"/>
    <property name="user.variant" value=""/>
    <property name="java.vendor.url" value="https://java.oracle.com/"/>
    <property name="user.timezone" value="Africa/Johannesburg"/>
    <property name="org.jboss.logging.provider" value="slf4j"/>
    <property name="os.name" value="Windows 11"/>
    <property name="java.vm.specification.version" value="17"/>
    <property name="sun.java.launcher" value="SUN_STANDARD"/>
    <property name="user.country" value="ZA"/>
    <property name="sun.boot.library.path" value="C:\Program Files\Java\jdk-17.0.3\bin"/>
    <property name="sun.java.command" value="C:\Users\rm113162\AppData\Local\Temp\surefire3042334009173710380\surefirebooter-20250911142042718_3.jar C:\Users\rm113162\AppData\Local\Temp\surefire3042334009173710380 2025-09-11T14-20-42_563-jvmRun1 surefire-20250911142042718_1tmp surefire_0-20250911142042718_2tmp"/>
    <property name="jdk.debug" value="release"/>
    <property name="surefire.test.class.path" value="C:\Users\rm113162\Documents\camunda-dev\bank-service-application\target\test-classes;C:\Users\rm113162\Documents\camunda-dev\bank-service-application\target\classes;C:\Users\rm113162\.m2\repository\org\camunda\bpm\springboot\camunda-bpm-spring-boot-starter-rest\7.22.0\camunda-bpm-spring-boot-starter-rest-7.22.0.jar;C:\Users\rm113162\.m2\repository\org\camunda\bpm\springboot\camunda-bpm-spring-boot-starter\7.22.0\camunda-bpm-spring-boot-starter-7.22.0.jar;C:\Users\rm113162\.m2\repository\org\camunda\bpm\camunda-engine-spring-6\7.22.0\camunda-engine-spring-6-7.22.0.jar;C:\Users\rm113162\.m2\repository\org\camunda\bpm\camunda-engine\7.22.0\camunda-engine-7.22.0.jar;C:\Users\rm113162\.m2\repository\org\camunda\bpm\model\camunda-bpmn-model\7.22.0\camunda-bpmn-model-7.22.0.jar;C:\Users\rm113162\.m2\repository\org\camunda\bpm\model\camunda-xml-model\7.22.0\camunda-xml-model-7.22.0.jar;C:\Users\rm113162\.m2\repository\org\camunda\bpm\model\camunda-cmmn-model\7.22.0\camunda-cmmn-model-7.22.0.jar;C:\Users\rm113162\.m2\repository\org\camunda\bpm\juel\camunda-juel\7.22.0\camunda-juel-7.22.0.jar;C:\Users\rm113162\.m2\repository\org\camunda\bpm\dmn\camunda-engine-dmn\7.22.0\camunda-engine-dmn-7.22.0.jar;C:\Users\rm113162\.m2\repository\org\camunda\bpm\model\camunda-dmn-model\7.22.0\camunda-dmn-model-7.22.0.jar;C:\Users\rm113162\.m2\repository\org\camunda\bpm\dmn\camunda-engine-feel-api\7.22.0\camunda-engine-feel-api-7.22.0.jar;C:\Users\rm113162\.m2\repository\org\camunda\bpm\dmn\camunda-engine-feel-juel\7.22.0\camunda-engine-feel-juel-7.22.0.jar;C:\Users\rm113162\.m2\repository\org\camunda\bpm\dmn\camunda-engine-feel-scala\7.22.0\camunda-engine-feel-scala-7.22.0.jar;C:\Users\rm113162\.m2\repository\org\camunda\feel\feel-engine\1.17.5\feel-engine-1.17.5-scala-shaded.jar;C:\Users\rm113162\.m2\repository\org\camunda\commons\camunda-commons-typed-values\7.22.0\camunda-commons-typed-values-7.22.0.jar;C:\Users\rm113162\.m2\repository\org\mybatis\mybatis\3.5.15\mybatis-3.5.15.jar;C:\Users\rm113162\.m2\repository\joda-time\joda-time\2.12.5\joda-time-2.12.5.jar;C:\Users\rm113162\.m2\repository\org\springframework\spring-context\6.1.12\spring-context-6.1.12.jar;C:\Users\rm113162\.m2\repository\org\springframework\spring-tx\6.1.12\spring-tx-6.1.12.jar;C:\Users\rm113162\.m2\repository\org\springframework\spring-orm\6.1.12\spring-orm-6.1.12.jar;C:\Users\rm113162\.m2\repository\org\springframework\boot\spring-boot-autoconfigure\3.3.3\spring-boot-autoconfigure-3.3.3.jar;C:\Users\rm113162\.m2\repository\org\apache\commons\commons-lang3\3.14.0\commons-lang3-3.14.0.jar;C:\Users\rm113162\.m2\repository\com\fasterxml\uuid\java-uuid-generator\4.3.0\java-uuid-generator-4.3.0.jar;C:\Users\rm113162\.m2\repository\com\sun\xml\bind\jaxb-impl\4.0.5\jaxb-impl-4.0.5.jar;C:\Users\rm113162\.m2\repository\com\sun\xml\bind\jaxb-core\4.0.5\jaxb-core-4.0.5.jar;C:\Users\rm113162\.m2\repository\org\eclipse\angus\angus-activation\2.0.2\angus-activation-2.0.2.jar;C:\Users\rm113162\.m2\repository\org\camunda\bpm\camunda-engine-rest-core-jakarta\7.22.0\camunda-engine-rest-core-jakarta-7.22.0.jar;C:\Users\rm113162\.m2\repository\commons-fileupload\commons-fileupload\1.5\commons-fileupload-1.5.jar;C:\Users\rm113162\.m2\repository\commons-io\commons-io\2.8.0\commons-io-2.8.0.jar;C:\Users\rm113162\.m2\repository\com\fasterxml\jackson\jakarta\rs\jackson-jakarta-rs-json-provider\2.17.2\jackson-jakarta-rs-json-provider-2.17.2.jar;C:\Users\rm113162\.m2\repository\com\fasterxml\jackson\jakarta\rs\jackson-jakarta-rs-base\2.17.2\jackson-jakarta-rs-base-2.17.2.jar;C:\Users\rm113162\.m2\repository\com\fasterxml\jackson\module\jackson-module-jakarta-xmlbind-annotations\2.17.2\jackson-module-jakarta-xmlbind-annotations-2.17.2.jar;C:\Users\rm113162\.m2\repository\com\fasterxml\jackson\datatype\jackson-datatype-jsr310\2.17.2\jackson-datatype-jsr310-2.17.2.jar;C:\Users\rm113162\.m2\repository\org\springframework\boot\spring-boot-starter-jersey\3.3.3\spring-boot-starter-jersey-3.3.3.jar;C:\Users\rm113162\.m2\repository\org\springframework\boot\spring-boot-starter-validation\3.3.3\spring-boot-starter-validation-3.3.3.jar;C:\Users\rm113162\.m2\repository\org\hibernate\validator\hibernate-validator\8.0.1.Final\hibernate-validator-8.0.1.Final.jar;C:\Users\rm113162\.m2\repository\com\fasterxml\classmate\1.7.0\classmate-1.7.0.jar;C:\Users\rm113162\.m2\repository\org\glassfish\jersey\containers\jersey-container-servlet-core\3.1.8\jersey-container-servlet-core-3.1.8.jar;C:\Users\rm113162\.m2\repository\jakarta\inject\jakarta.inject-api\2.0.1\jakarta.inject-api-2.0.1.jar;C:\Users\rm113162\.m2\repository\org\glassfish\jersey\core\jersey-common\3.1.8\jersey-common-3.1.8.jar;C:\Users\rm113162\.m2\repository\org\glassfish\hk2\osgi-resource-locator\1.0.3\osgi-resource-locator-1.0.3.jar;C:\Users\rm113162\.m2\repository\jakarta\ws\rs\jakarta.ws.rs-api\3.1.0\jakarta.ws.rs-api-3.1.0.jar;C:\Users\rm113162\.m2\repository\org\glassfish\jersey\containers\jersey-container-servlet\3.1.8\jersey-container-servlet-3.1.8.jar;C:\Users\rm113162\.m2\repository\org\glassfish\jersey\core\jersey-server\3.1.8\jersey-server-3.1.8.jar;C:\Users\rm113162\.m2\repository\org\glassfish\jersey\core\jersey-client\3.1.8\jersey-client-3.1.8.jar;C:\Users\rm113162\.m2\repository\jakarta\validation\jakarta.validation-api\3.0.2\jakarta.validation-api-3.0.2.jar;C:\Users\rm113162\.m2\repository\org\glassfish\jersey\ext\jersey-bean-validation\3.1.8\jersey-bean-validation-3.1.8.jar;C:\Users\rm113162\.m2\repository\org\jboss\logging\jboss-logging\3.5.3.Final\jboss-logging-3.5.3.Final.jar;C:\Users\rm113162\.m2\repository\org\glassfish\expressly\expressly\5.0.0\expressly-5.0.0.jar;C:\Users\rm113162\.m2\repository\org\glassfish\jersey\ext\jersey-spring6\3.1.8\jersey-spring6-3.1.8.jar;C:\Users\rm113162\.m2\repository\org\glassfish\jersey\inject\jersey-hk2\3.1.8\jersey-hk2-3.1.8.jar;C:\Users\rm113162\.m2\repository\org\glassfish\hk2\hk2-locator\3.0.6\hk2-locator-3.0.6.jar;C:\Users\rm113162\.m2\repository\org\glassfish\hk2\external\aopalliance-repackaged\3.0.6\aopalliance-repackaged-3.0.6.jar;C:\Users\rm113162\.m2\repository\org\javassist\javassist\3.30.2-GA\javassist-3.30.2-GA.jar;C:\Users\rm113162\.m2\repository\org\glassfish\hk2\hk2\3.0.6\hk2-3.0.6.jar;C:\Users\rm113162\.m2\repository\org\glassfish\hk2\hk2-utils\3.0.6\hk2-utils-3.0.6.jar;C:\Users\rm113162\.m2\repository\org\glassfish\hk2\hk2-api\3.0.6\hk2-api-3.0.6.jar;C:\Users\rm113162\.m2\repository\org\glassfish\hk2\hk2-core\3.0.6\hk2-core-3.0.6.jar;C:\Users\rm113162\.m2\repository\org\glassfish\hk2\hk2-runlevel\3.0.6\hk2-runlevel-3.0.6.jar;C:\Users\rm113162\.m2\repository\org\glassfish\hk2\class-model\3.0.6\class-model-3.0.6.jar;C:\Users\rm113162\.m2\repository\org\glassfish\hk2\spring-bridge\3.0.6\spring-bridge-3.0.6.jar;C:\Users\rm113162\.m2\repository\org\glassfish\jersey\media\jersey-media-json-jackson\3.1.8\jersey-media-json-jackson-3.1.8.jar;C:\Users\rm113162\.m2\repository\org\glassfish\jersey\ext\jersey-entity-filtering\3.1.8\jersey-entity-filtering-3.1.8.jar;C:\Users\rm113162\.m2\repository\org\camunda\bpm\springboot\camunda-bpm-spring-boot-starter-webapp\7.22.0\camunda-bpm-spring-boot-starter-webapp-7.22.0.jar;C:\Users\rm113162\.m2\repository\org\camunda\bpm\springboot\camunda-bpm-spring-boot-starter-webapp-core\7.22.0\camunda-bpm-spring-boot-starter-webapp-core-7.22.0.jar;C:\Users\rm113162\.m2\repository\org\camunda\bpm\webapp\camunda-webapp-jakarta\7.22.0\camunda-webapp-jakarta-7.22.0-classes.jar;C:\Users\rm113162\.m2\repository\org\camunda\bpm\webapp\camunda-webapp-webjar\7.22.0\camunda-webapp-webjar-7.22.0.jar;C:\Users\rm113162\.m2\repository\org\camunda\bpm\camunda-engine-plugin-spin\7.22.0\camunda-engine-plugin-spin-7.22.0.jar;C:\Users\rm113162\.m2\repository\org\camunda\bpm\springboot\camunda-bpm-spring-boot-starter-test\7.22.0\camunda-bpm-spring-boot-starter-test-7.22.0.jar;C:\Users\rm113162\.m2\repository\org\springframework\boot\spring-boot-starter-test\3.3.3\spring-boot-starter-test-3.3.3.jar;C:\Users\rm113162\.m2\repository\org\springframework\boot\spring-boot-test\3.3.3\spring-boot-test-3.3.3.jar;C:\Users\rm113162\.m2\repository\org\springframework\boot\spring-boot-test-autoconfigure\3.3.3\spring-boot-test-autoconfigure-3.3.3.jar;C:\Users\rm113162\.m2\repository\jakarta\xml\bind\jakarta.xml.bind-api\4.0.2\jakarta.xml.bind-api-4.0.2.jar;C:\Users\rm113162\.m2\repository\jakarta\activation\jakarta.activation-api\2.1.3\jakarta.activation-api-2.1.3.jar;C:\Users\rm113162\.m2\repository\net\minidev\json-smart\2.5.1\json-smart-2.5.1.jar;C:\Users\rm113162\.m2\repository\net\minidev\accessors-smart\2.5.1\accessors-smart-2.5.1.jar;C:\Users\rm113162\.m2\repository\org\awaitility\awaitility\4.2.2\awaitility-4.2.2.jar;C:\Users\rm113162\.m2\repository\org\hamcrest\hamcrest\2.2\hamcrest-2.2.jar;C:\Users\rm113162\.m2\repository\org\junit\jupiter\junit-jupiter\5.10.3\junit-jupiter-5.10.3.jar;C:\Users\rm113162\.m2\repository\org\junit\jupiter\junit-jupiter-api\5.10.3\junit-jupiter-api-5.10.3.jar;C:\Users\rm113162\.m2\repository\org\junit\jupiter\junit-jupiter-params\5.10.3\junit-jupiter-params-5.10.3.jar;C:\Users\rm113162\.m2\repository\org\junit\jupiter\junit-jupiter-engine\5.10.3\junit-jupiter-engine-5.10.3.jar;C:\Users\rm113162\.m2\repository\org\mockito\mockito-core\5.11.0\mockito-core-5.11.0.jar;C:\Users\rm113162\.m2\repository\net\bytebuddy\byte-buddy\1.14.19\byte-buddy-1.14.19.jar;C:\Users\rm113162\.m2\repository\net\bytebuddy\byte-buddy-agent\1.14.19\byte-buddy-agent-1.14.19.jar;C:\Users\rm113162\.m2\repository\org\objenesis\objenesis\3.3\objenesis-3.3.jar;C:\Users\rm113162\.m2\repository\org\mockito\mockito-junit-jupiter\5.11.0\mockito-junit-jupiter-5.11.0.jar;C:\Users\rm113162\.m2\repository\org\skyscreamer\jsonassert\1.5.3\jsonassert-1.5.3.jar;C:\Users\rm113162\.m2\repository\com\vaadin\external\google\android-json\0.0.20131108.vaadin1\android-json-0.0.20131108.vaadin1.jar;C:\Users\rm113162\.m2\repository\org\springframework\spring-core\6.1.12\spring-core-6.1.12.jar;C:\Users\rm113162\.m2\repository\org\springframework\spring-jcl\6.1.12\spring-jcl-6.1.12.jar;C:\Users\rm113162\.m2\repository\org\springframework\spring-test\6.1.12\spring-test-6.1.12.jar;C:\Users\rm113162\.m2\repository\org\xmlunit\xmlunit-core\2.9.1\xmlunit-core-2.9.1.jar;C:\Users\rm113162\.m2\repository\org\junit\vintage\junit-vintage-engine\5.10.3\junit-vintage-engine-5.10.3.jar;C:\Users\rm113162\.m2\repository\org\junit\platform\junit-platform-engine\1.10.3\junit-platform-engine-1.10.3.jar;C:\Users\rm113162\.m2\repository\org\opentest4j\opentest4j\1.3.0\opentest4j-1.3.0.jar;C:\Users\rm113162\.m2\repository\org\junit\platform\junit-platform-commons\1.10.3\junit-platform-commons-1.10.3.jar;C:\Users\rm113162\.m2\repository\junit\junit\4.13.2\junit-4.13.2.jar;C:\Users\rm113162\.m2\repository\org\apiguardian\apiguardian-api\1.1.2\apiguardian-api-1.1.2.jar;C:\Users\rm113162\.m2\repository\org\camunda\bpm\camunda-bpm-assert\7.22.0\camunda-bpm-assert-7.22.0.jar;C:\Users\rm113162\.m2\repository\org\springframework\boot\spring-boot-starter-web\3.3.3\spring-boot-starter-web-3.3.3.jar;C:\Users\rm113162\.m2\repository\org\springframework\boot\spring-boot-starter\3.3.3\spring-boot-starter-3.3.3.jar;C:\Users\rm113162\.m2\repository\org\springframework\boot\spring-boot\3.3.3\spring-boot-3.3.3.jar;C:\Users\rm113162\.m2\repository\org\springframework\boot\spring-boot-starter-logging\3.3.3\spring-boot-starter-logging-3.3.3.jar;C:\Users\rm113162\.m2\repository\ch\qos\logback\logback-classic\1.5.7\logback-classic-1.5.7.jar;C:\Users\rm113162\.m2\repository\ch\qos\logback\logback-core\1.5.7\logback-core-1.5.7.jar;C:\Users\rm113162\.m2\repository\org\apache\logging\log4j\log4j-to-slf4j\2.23.1\log4j-to-slf4j-2.23.1.jar;C:\Users\rm113162\.m2\repository\org\apache\logging\log4j\log4j-api\2.23.1\log4j-api-2.23.1.jar;C:\Users\rm113162\.m2\repository\org\slf4j\jul-to-slf4j\2.0.16\jul-to-slf4j-2.0.16.jar;C:\Users\rm113162\.m2\repository\jakarta\annotation\jakarta.annotation-api\2.1.1\jakarta.annotation-api-2.1.1.jar;C:\Users\rm113162\.m2\repository\org\yaml\snakeyaml\2.2\snakeyaml-2.2.jar;C:\Users\rm113162\.m2\repository\org\springframework\boot\spring-boot-starter-json\3.3.3\spring-boot-starter-json-3.3.3.jar;C:\Users\rm113162\.m2\repository\com\fasterxml\jackson\datatype\jackson-datatype-jdk8\2.17.2\jackson-datatype-jdk8-2.17.2.jar;C:\Users\rm113162\.m2\repository\com\fasterxml\jackson\module\jackson-module-parameter-names\2.17.2\jackson-module-parameter-names-2.17.2.jar;C:\Users\rm113162\.m2\repository\org\springframework\boot\spring-boot-starter-tomcat\3.3.3\spring-boot-starter-tomcat-3.3.3.jar;C:\Users\rm113162\.m2\repository\org\apache\tomcat\embed\tomcat-embed-core\10.1.28\tomcat-embed-core-10.1.28.jar;C:\Users\rm113162\.m2\repository\org\apache\tomcat\embed\tomcat-embed-el\10.1.28\tomcat-embed-el-10.1.28.jar;C:\Users\rm113162\.m2\repository\org\apache\tomcat\embed\tomcat-embed-websocket\10.1.28\tomcat-embed-websocket-10.1.28.jar;C:\Users\rm113162\.m2\repository\org\springframework\spring-web\6.1.12\spring-web-6.1.12.jar;C:\Users\rm113162\.m2\repository\org\springframework\spring-beans\6.1.12\spring-beans-6.1.12.jar;C:\Users\rm113162\.m2\repository\io\micrometer\micrometer-observation\1.13.3\micrometer-observation-1.13.3.jar;C:\Users\rm113162\.m2\repository\io\micrometer\micrometer-commons\1.13.3\micrometer-commons-1.13.3.jar;C:\Users\rm113162\.m2\repository\org\springframework\spring-webmvc\6.1.12\spring-webmvc-6.1.12.jar;C:\Users\rm113162\.m2\repository\org\springframework\spring-aop\6.1.12\spring-aop-6.1.12.jar;C:\Users\rm113162\.m2\repository\org\springframework\spring-expression\6.1.12\spring-expression-6.1.12.jar;C:\Users\rm113162\.m2\repository\com\h2database\h2\2.2.224\h2-2.2.224.jar;C:\Users\rm113162\.m2\repository\org\springframework\boot\spring-boot-starter-jdbc\3.3.3\spring-boot-starter-jdbc-3.3.3.jar;C:\Users\rm113162\.m2\repository\com\zaxxer\HikariCP\5.1.0\HikariCP-5.1.0.jar;C:\Users\rm113162\.m2\repository\org\slf4j\slf4j-api\2.0.16\slf4j-api-2.0.16.jar;C:\Users\rm113162\.m2\repository\org\springframework\spring-jdbc\6.1.12\spring-jdbc-6.1.12.jar;C:\Users\rm113162\.m2\repository\org\camunda\spin\camunda-spin-core\7.22.0\camunda-spin-core-7.22.0.jar;C:\Users\rm113162\.m2\repository\org\camunda\commons\camunda-commons-logging\7.22.0\camunda-commons-logging-7.22.0.jar;C:\Users\rm113162\.m2\repository\org\camunda\commons\camunda-commons-utils\7.22.0\camunda-commons-utils-7.22.0.jar;C:\Users\rm113162\.m2\repository\org\camunda\spin\camunda-spin-dataformat-json-jackson\7.22.0\camunda-spin-dataformat-json-jackson-7.22.0.jar;C:\Users\rm113162\.m2\repository\com\fasterxml\jackson\core\jackson-core\2.17.2\jackson-core-2.17.2.jar;C:\Users\rm113162\.m2\repository\com\fasterxml\jackson\core\jackson-databind\2.17.2\jackson-databind-2.17.2.jar;C:\Users\rm113162\.m2\repository\com\fasterxml\jackson\core\jackson-annotations\2.17.2\jackson-annotations-2.17.2.jar;C:\Users\rm113162\.m2\repository\com\jayway\jsonpath\json-path\2.9.0\json-path-2.9.0.jar;C:\Users\rm113162\.m2\repository\org\openjdk\nashorn\nashorn-core\15.4\nashorn-core-15.4.jar;C:\Users\rm113162\.m2\repository\org\ow2\asm\asm\7.3.1\asm-7.3.1.jar;C:\Users\rm113162\.m2\repository\org\ow2\asm\asm-commons\7.3.1\asm-commons-7.3.1.jar;C:\Users\rm113162\.m2\repository\org\ow2\asm\asm-analysis\7.3.1\asm-analysis-7.3.1.jar;C:\Users\rm113162\.m2\repository\org\ow2\asm\asm-tree\7.3.1\asm-tree-7.3.1.jar;C:\Users\rm113162\.m2\repository\org\ow2\asm\asm-util\7.3.1\asm-util-7.3.1.jar;C:\Users\rm113162\.m2\repository\org\assertj\assertj-core\3.13.2\assertj-core-3.13.2.jar;C:\Users\rm113162\.m2\repository\org\camunda\bpm\extension\camunda-bpm-junit5\1.0.2\camunda-bpm-junit5-1.0.2.jar;C:\Users\rm113162\.m2\repository\org\projectlombok\lombok\1.18.34\lombok-1.18.34.jar;"/>
    <property name="sun.cpu.endian" value="little"/>
    <property name="user.home" value="C:\Users\rm113162"/>
    <property name="user.language" value="en"/>
    <property name="java.specification.vendor" value="Oracle Corporation"/>
    <property name="java.version.date" value="2022-04-19"/>
    <property name="java.home" value="C:\Program Files\Java\jdk-17.0.3"/>
    <property name="file.separator" value="\"/>
    <property name="basedir" value="C:\Users\rm113162\Documents\camunda-dev\bank-service-application"/>
    <property name="java.vm.compressedOopsMode" value="Zero based"/>
    <property name="line.separator" value="&#10;"/>
    <property name="java.vm.specification.vendor" value="Oracle Corporation"/>
    <property name="java.specification.name" value="Java Platform API Specification"/>
    <property name="FILE_LOG_CHARSET" value="windows-1252"/>
    <property name="java.awt.headless" value="true"/>
    <property name="surefire.real.class.path" value="C:\Users\rm113162\AppData\Local\Temp\surefire3042334009173710380\surefirebooter-20250911142042718_3.jar"/>
    <property name="user.script" value=""/>
    <property name="sun.management.compiler" value="HotSpot 64-Bit Tiered Compilers"/>
    <property name="java.runtime.version" value="17.0.3+8-LTS-111"/>
    <property name="user.name" value="rm113162"/>
    <property name="path.separator" value=";"/>
    <property name="os.version" value="10.0"/>
    <property name="java.runtime.name" value="Java(TM) SE Runtime Environment"/>
    <property name="file.encoding" value="Cp1252"/>
    <property name="java.vm.name" value="Java HotSpot(TM) 64-Bit Server VM"/>
    <property name="localRepository" value="C:\Users\rm113162\.m2\repository"/>
    <property name="java.vendor.url.bug" value="https://bugreport.java.com/bugreport/"/>
    <property name="java.io.tmpdir" value="C:\Users\rm113162\AppData\Local\Temp\"/>
    <property name="com.zaxxer.hikari.pool_number" value="1"/>
    <property name="java.version" value="17.0.3"/>
    <property name="user.dir" value="C:\Users\rm113162\Documents\camunda-dev\bank-service-application"/>
    <property name="os.arch" value="amd64"/>
    <property name="java.vm.specification.name" value="Java Virtual Machine Specification"/>
    <property name="PID" value="8344"/>
    <property name="sun.os.patch.level" value=""/>
    <property name="CONSOLE_LOG_CHARSET" value="windows-1252"/>
    <property name="native.encoding" value="Cp1252"/>
    <property name="java.library.path" value="C:\Program Files\Java\jdk-17.0.3\bin;C:\WINDOWS\Sun\Java\bin;C:\WINDOWS\system32;C:\WINDOWS;C:\Python313\Scripts\;C:\Python313\;C:\Program Files\Zulu\zulu-21\bin\;C:\Python312\Scripts\;C:\Python312\;C:\Program Files (x86)\Common Files\Oracle\Java\javapath;C:\Windows\system32;C:\Windows;C:\Windows\System32\Wbem;C:\Windows\System32\WindowsPowerShell\v1.0\;C:\Windows\System32\OpenSSH\;C:\Program Files\dotnet\;C:\Program Files (x86)\NVIDIA Corporation\PhysX\Common;C:\Program Files\NVIDIA Corporation\NVIDIA NvDLISR;C:\WINDOWS\system32;C:\WINDOWS;C:\WINDOWS\System32\Wbem;C:\WINDOWS\System32\WindowsPowerShell\v1.0\;C:\WINDOWS\System32\OpenSSH\;C:\ProgramData\chocolatey\bin;C:\Program Files\Docker\Docker\resources\bin;C:\Program Files\Java\jdk-17.0.3\bin;C:\Program Files\Git\cmd;C:\Users\rm113162\AppData\Local\nvm;C:\nvm4w\nodejs;C:\Program Files\nodejs\;C:\Program Files (x86)\Microsoft SQL Server\160\Tools\Binn\;C:\Program Files\Microsoft SQL Server\160\Tools\Binn\;C:\Program Files\Microsoft SQL Server\Client SDK\ODBC\170\Tools\Binn\;C:\Program Files\Microsoft SQL Server\160\DTS\Binn\;C:\Users\rm113162\AppData\Local\Microsoft\WindowsApps;C:\Program Files\JetBrains\IntelliJ IDEA 2023.2.2\bin;;C:\Program Files\maven\apache-maven-3.9.9\bin;C:\Program Files\Java\jdk-17.0.3\bin;C:\Users\rm113162\AppData\Local\nvm;C:\nvm4w\nodejs;C:\Users\rm113162\AppData\Roaming\npm;C:\Users\rm113162\AppData\Local\Programs\Microsoft VS Code\bin;."/>
    <property name="java.vm.info" value="mixed mode, sharing"/>
    <property name="java.vendor" value="Oracle Corporation"/>
    <property name="java.vm.version" value="17.0.3+8-LTS-111"/>
    <property name="sun.io.unicode.encoding" value="UnicodeLittle"/>
    <property name="java.class.version" value="61.0"/>
  </properties>
  <testcase name="shouldExecuteHappyPath" classname="com.example.bankService.WorkflowTest" time="0.843">
    <system-out><![CDATA[14:20:43.461 [main] INFO  o.s.t.c.s.AnnotationConfigContextLoaderUtils - Could not detect default configuration classes for test class [com.example.bankService.WorkflowTest]: WorkflowTest does not declare any static, non-private, non-final, nested classes annotated with @Configuration.
14:20:43.573 [main] INFO  o.s.b.t.c.SpringBootTestContextBootstrapper - Found @SpringBootConfiguration com.example.bankService.Application for test class com.example.bankService.WorkflowTest
14:20:43.694 [main] INFO  o.s.t.c.s.AnnotationConfigContextLoaderUtils - Could not detect default configuration classes for test class [com.example.bankService.WorkflowTest]: WorkflowTest does not declare any static, non-private, non-final, nested classes annotated with @Configuration.
14:20:43.697 [main] INFO  o.s.b.t.c.SpringBootTestContextBootstrapper - Found @SpringBootConfiguration com.example.bankService.Application for test class com.example.bankService.WorkflowTest
14:20:43.881 [main] INFO  org.camunda.bpm.dmn.feel.scala - FEEL/SCALA-01001 Spin value mapper detected
14:20:43.940 [main] INFO  org.camunda.feel.FeelEngine - Engine created. [value-mapper: CompositeValueMapper(List(org.camunda.feel.impl.JavaValueMapper@67403656, org.camunda.spin.plugin.impl.feel.integration.SpinValueMapper@5a6482a9)), function-provider: org.camunda.bpm.dmn.feel.impl.scala.function.CustomFunctionTransformer@205b132e, clock: SystemClock, configuration: {externalFunctionsEnabled: false}]
14:20:45.579 [main] ERROR org.camunda.bpm.engine.persistence - ENGINE-03015 Problem during schema operation 'drop' with statement '-- 
-- 
-- 
-- 
alter table ACT_RE_DECISION_DEF 
drop constraint ACT_FK_DEC_REQ'. Cause: 'Table "ACT_RE_DECISION_DEF" not found; SQL statement:
-- 
-- 
-- 
-- 
alter table ACT_RE_DECISION_DEF 
drop constrain [42102-224]'
14:20:45.580 [main] ERROR org.camunda.bpm.engine.persistence - ENGINE-03015 Problem during schema operation 'drop' with statement 'drop index ACT_IDX_DEC_DEF_TENANT_ID'. Cause: 'Index "ACT_IDX_DEC_DEF_TENANT_ID" not found; SQL statement:
drop index ACT_IDX_DEC_DEF_TENANT_ID [42112-224]'
14:20:45.580 [main] ERROR org.camunda.bpm.engine.persistence - ENGINE-03015 Problem during schema operation 'drop' with statement 'drop index ACT_IDX_DEC_DEF_REQ_ID'. Cause: 'Index "ACT_IDX_DEC_DEF_REQ_ID" not found; SQL statement:
drop index ACT_IDX_DEC_DEF_REQ_ID [42112-224]'
14:20:45.580 [main] ERROR org.camunda.bpm.engine.persistence - ENGINE-03015 Problem during schema operation 'drop' with statement 'drop index ACT_IDX_DEC_REQ_DEF_TENANT_ID'. Cause: 'Index "ACT_IDX_DEC_REQ_DEF_TENANT_ID" not found; SQL statement:
drop index ACT_IDX_DEC_REQ_DEF_TENANT_ID [42112-224]'
14:20:45.581 [main] INFO  org.camunda.bpm.engine.persistence - ENGINE-03016 Performing database operation 'drop' on component 'decision.engine' with resource 'org/camunda/bpm/engine/db/drop/activiti.h2.drop.decision.engine.sql'
14:20:45.676 [main] INFO  org.camunda.bpm.engine.persistence - ENGINE-03016 Performing database operation 'create' on component 'engine' with resource 'org/camunda/bpm/engine/db/create/activiti.h2.create.engine.sql'
14:20:45.710 [main] INFO  org.camunda.bpm.engine.persistence - ENGINE-03016 Performing database operation 'create' on component 'history' with resource 'org/camunda/bpm/engine/db/create/activiti.h2.create.history.sql'
14:20:45.720 [main] INFO  org.camunda.bpm.engine.persistence - ENGINE-03016 Performing database operation 'create' on component 'identity' with resource 'org/camunda/bpm/engine/db/create/activiti.h2.create.identity.sql'
14:20:45.730 [main] INFO  org.camunda.bpm.engine.persistence - ENGINE-03016 Performing database operation 'create' on component 'case.engine' with resource 'org/camunda/bpm/engine/db/create/activiti.h2.create.case.engine.sql'
14:20:45.733 [main] INFO  org.camunda.bpm.engine.persistence - ENGINE-03016 Performing database operation 'create' on component 'case.history' with resource 'org/camunda/bpm/engine/db/create/activiti.h2.create.case.history.sql'
14:20:45.736 [main] INFO  org.camunda.bpm.engine.persistence - ENGINE-03016 Performing database operation 'create' on component 'decision.engine' with resource 'org/camunda/bpm/engine/db/create/activiti.h2.create.decision.engine.sql'
14:20:45.741 [main] INFO  org.camunda.bpm.engine.persistence - ENGINE-03016 Performing database operation 'create' on component 'decision.history' with resource 'org/camunda/bpm/engine/db/create/activiti.h2.create.decision.history.sql'
14:20:45.766 [main] INFO  org.camunda.bpm.engine.persistence - ENGINE-03067 No history level property found in database
14:20:45.768 [main] INFO  org.camunda.bpm.engine.persistence - ENGINE-03065 Creating historyLevel property in database for level: HistoryLevelFull(name=full, id=3)
14:20:45.784 [main] INFO  org.camunda.bpm.engine - ENGINE-00001 Process Engine default created.

 ____                                 _         ____  _       _    __                      
/ ___| __ _ _ __ ___  _   _ _ __   __| | __ _  |  _ \| | __ _| |_ / _| ___  _ __ _ __ ___  
| |   / _` | '_ ` _ \| | | | '_ \ / _` |/ _` | | |_) | |/ _` | __| |_ / _ \| '__| '_ ` _ \ 
| |__| (_| | | | | | | |_| | | | | (_| | (_| | |  __/| | (_| | |_|  _| (_) | |  | | | | | |
\____/\__,_|_| |_| |_|\__,_|_| |_|\__,_|\__,_| |_|   |_|\__,_|\__|_|  \___/|_|  |_| |_| |_|

  Spring-Boot:  (v3.3.3)
  Camunda Platform: (v7.22.0)
  Camunda Platform Spring Boot Starter: (v7.22.0)

14:20:46.059 [background-preinit] DEBUG org.jboss.logging - Logging Provider: org.jboss.logging.Slf4jLoggerProvider found via system property
14:20:46.059 [background-preinit] INFO  o.h.validator.internal.util.Version - HV000001: Hibernate Validator 8.0.1.Final
14:20:46.064 [background-preinit] DEBUG o.h.v.i.x.config.ValidationXmlParser - Trying to load META-INF/validation.xml for XML based Validator configuration.
14:20:46.065 [background-preinit] DEBUG o.h.v.i.x.c.ResourceLoaderHelper - Trying to load META-INF/validation.xml via TCCL
14:20:46.065 [background-preinit] DEBUG o.h.v.i.x.c.ResourceLoaderHelper - Trying to load META-INF/validation.xml via Hibernate Validator's class loader
14:20:46.065 [background-preinit] DEBUG o.h.v.i.x.config.ValidationXmlParser - No META-INF/validation.xml found. Using annotation based configuration only.
14:20:46.067 [background-preinit] DEBUG o.h.v.i.e.r.TraversableResolvers - Cannot find jakarta.persistence.Persistence on classpath. Assuming non JPA 2 environment. All properties will per default be traversable.
14:20:46.089 [main] INFO  c.example.bankService.WorkflowTest - Starting WorkflowTest using Java 17.0.3 with PID 8344 (started by rm113162 in C:\Users\rm113162\Documents\camunda-dev\bank-service-application)
14:20:46.089 [background-preinit] DEBUG o.h.v.m.ResourceBundleMessageInterpolator - Loaded expression factory via original TCCL
14:20:46.089 [main] DEBUG c.example.bankService.WorkflowTest - Running with Spring Boot v3.3.3, Spring v6.1.12
14:20:46.090 [main] INFO  c.example.bankService.WorkflowTest - No active profile set, falling back to 1 default profile: "default"
14:20:46.208 [background-preinit] DEBUG o.h.v.i.e.ValidatorFactoryConfigurationHelper - HV000252: Using org.hibernate.validator.internal.engine.DefaultPropertyNodeNameProvider as property node name provider.
14:20:46.212 [background-preinit] DEBUG o.h.v.i.e.ValidatorFactoryConfigurationHelper - HV000234: Using org.hibernate.validator.messageinterpolation.ResourceBundleMessageInterpolator as ValidatorFactory-scoped message interpolator.
14:20:46.212 [background-preinit] DEBUG o.h.v.i.e.ValidatorFactoryConfigurationHelper - HV000234: Using org.hibernate.validator.internal.engine.resolver.TraverseAllTraversableResolver as ValidatorFactory-scoped traversable resolver.
14:20:46.212 [background-preinit] DEBUG o.h.v.i.e.ValidatorFactoryConfigurationHelper - HV000234: Using org.hibernate.validator.internal.util.ExecutableParameterNameProvider as ValidatorFactory-scoped parameter name provider.
14:20:46.212 [background-preinit] DEBUG o.h.v.i.e.ValidatorFactoryConfigurationHelper - HV000234: Using org.hibernate.validator.internal.engine.DefaultClockProvider as ValidatorFactory-scoped clock provider.
14:20:46.213 [background-preinit] DEBUG o.h.v.i.e.ValidatorFactoryConfigurationHelper - HV000234: Using org.hibernate.validator.internal.engine.scripting.DefaultScriptEvaluatorFactory as ValidatorFactory-scoped script evaluator factory.
14:20:47.099 [main] DEBUG com.zaxxer.hikari.HikariConfig - Driver class org.h2.Driver found in Thread context class loader jdk.internal.loader.ClassLoaders$AppClassLoader@73d16e93
14:20:47.135 [main] INFO  org.camunda.bpm.spring.boot - STARTER-SB040 Setting up jobExecutor with corePoolSize=3, maxPoolSize:10
14:20:47.193 [main] INFO  org.camunda.bpm.engine.cfg - ENGINE-12003 Plugin 'CompositeProcessEnginePlugin[genericPropertiesConfiguration, camundaProcessEngineConfiguration, camundaDatasourceConfiguration, camundaJobConfiguration, camundaHistoryConfiguration, camundaMetricsConfiguration, camundaAuthorizationConfiguration, camundaDeploymentConfiguration, createAdminUserConfiguration, failedJobConfiguration, eventPublisherPlugin, ApplicationContextClassloaderSwitchPlugin, SpringBootSpinProcessEnginePlugin]' activated on process engine 'default'
14:20:47.791 [main] INFO  org.camunda.bpm.spring.boot - STARTER-SB021 Auto-Deploying resources: [file [C:\Users\rm113162\Documents\camunda-dev\bank-service-application\target\classes\dmn\choose-transport-to-home-dmn.dmn], file [C:\Users\rm113162\Documents\camunda-dev\bank-service-application\target\classes\bpmn\congratulation\bank-sms-congrats.bpmn], file [C:\Users\rm113162\Documents\camunda-dev\bank-service-application\target\classes\bpmn\smsVerification\sms_verification.bpmn], file [C:\Users\rm113162\Documents\camunda-dev\bank-service-application\target\classes\bpmn\deposit\deposit-opening.bpmn], file [C:\Users\rm113162\Documents\camunda-dev\bank-service-application\target\classes\process.bpmn], file [C:\Users\rm113162\Documents\camunda-dev\bank-service-application\target\classes\bpmn\congratulation\bank-email-congrats.bpmn], file [C:\Users\rm113162\Documents\camunda-dev\bank-service-application\target\classes\bpmn\credit\credit-obtaining.bpmn], file [C:\Users\rm113162\Documents\camunda-dev\bank-service-application\target\classes\bpmn\main\main-deposit-credit-process.bpmn], file [C:\Users\rm113162\Documents\camunda-dev\bank-service-application\target\classes\bpmn\goingHome\going-home.bpmn]]
14:20:47.792 [main] INFO  o.c.b.s.b.s.e.EventPublisherPlugin - EVENTING-001: Initialized Camunda Spring Boot Eventing Engine Plugin.
14:20:47.792 [main] INFO  o.c.b.s.b.s.e.EventPublisherPlugin - EVENTING-003: Task events will be published as Spring Events.
14:20:47.792 [main] INFO  o.c.b.s.b.s.e.EventPublisherPlugin - EVENTING-005: Execution events will be published as Spring Events.
14:20:47.792 [main] INFO  o.c.b.s.b.s.e.EventPublisherPlugin - EVENTING-009: Listeners will not be invoked if a skipCustomListeners API parameter is set to true by user.
14:20:47.793 [main] INFO  o.c.b.s.b.s.e.EventPublisherPlugin - EVENTING-007: History events will be published as Spring events.
14:20:47.796 [main] INFO  org.camunda.spin - SPIN-01010 Discovered Spin data format provider: org.camunda.spin.impl.json.jackson.format.JacksonJsonDataFormatProvider[name = application/json]
14:20:47.820 [main] INFO  org.camunda.spin - SPIN-01011 Discovered Spin data format configurator: class org.camunda.bpm.spring.boot.starter.spin.CamundaJacksonFormatConfiguratorJSR310[dataformat = org.camunda.spin.impl.json.jackson.format.JacksonJsonDataFormat]
14:20:47.820 [main] INFO  org.camunda.spin - SPIN-01011 Discovered Spin data format configurator: class org.camunda.bpm.spring.boot.starter.spin.CamundaJacksonFormatConfiguratorParameterNames[dataformat = org.camunda.spin.impl.json.jackson.format.JacksonJsonDataFormat]
14:20:47.820 [main] INFO  org.camunda.spin - SPIN-01011 Discovered Spin data format configurator: class org.camunda.bpm.spring.boot.starter.spin.CamundaJacksonFormatConfiguratorJdk8[dataformat = org.camunda.spin.impl.json.jackson.format.JacksonJsonDataFormat]
14:20:47.820 [main] INFO  org.camunda.spin - SPIN-01009 Discovered Spin data format: org.camunda.spin.impl.json.jackson.format.JacksonJsonDataFormat[name = application/json]
14:20:47.822 [main] INFO  org.camunda.bpm.dmn.feel.scala - FEEL/SCALA-01001 Spin value mapper detected
14:20:47.822 [main] INFO  org.camunda.feel.FeelEngine - Engine created. [value-mapper: CompositeValueMapper(List(org.camunda.feel.impl.JavaValueMapper@66226ab, org.camunda.spin.plugin.impl.feel.integration.SpinValueMapper@38093ffe)), function-provider: org.camunda.bpm.dmn.feel.impl.scala.function.CustomFunctionTransformer@4713b631, clock: SystemClock, configuration: {externalFunctionsEnabled: false}]
14:20:47.829 [main] DEBUG com.zaxxer.hikari.HikariConfig - HikariPool-1 - configuration:
14:20:47.833 [main] DEBUG com.zaxxer.hikari.HikariConfig - allowPoolSuspension.............false
14:20:47.833 [main] DEBUG com.zaxxer.hikari.HikariConfig - autoCommit......................true
14:20:47.833 [main] DEBUG com.zaxxer.hikari.HikariConfig - catalog.........................none
14:20:47.833 [main] DEBUG com.zaxxer.hikari.HikariConfig - connectionInitSql...............none
14:20:47.833 [main] DEBUG com.zaxxer.hikari.HikariConfig - connectionTestQuery.............none
14:20:47.833 [main] DEBUG com.zaxxer.hikari.HikariConfig - connectionTimeout...............30000
14:20:47.834 [main] DEBUG com.zaxxer.hikari.HikariConfig - dataSource......................none
14:20:47.834 [main] DEBUG com.zaxxer.hikari.HikariConfig - dataSourceClassName.............none
14:20:47.834 [main] DEBUG com.zaxxer.hikari.HikariConfig - dataSourceJNDI..................none
14:20:47.834 [main] DEBUG com.zaxxer.hikari.HikariConfig - dataSourceProperties............{password=<masked>}
14:20:47.835 [main] DEBUG com.zaxxer.hikari.HikariConfig - driverClassName................."org.h2.Driver"
14:20:47.835 [main] DEBUG com.zaxxer.hikari.HikariConfig - exceptionOverrideClassName......none
14:20:47.835 [main] DEBUG com.zaxxer.hikari.HikariConfig - healthCheckProperties...........{}
14:20:47.835 [main] DEBUG com.zaxxer.hikari.HikariConfig - healthCheckRegistry.............none
14:20:47.835 [main] DEBUG com.zaxxer.hikari.HikariConfig - idleTimeout.....................600000
14:20:47.835 [main] DEBUG com.zaxxer.hikari.HikariConfig - initializationFailTimeout.......1
14:20:47.835 [main] DEBUG com.zaxxer.hikari.HikariConfig - isolateInternalQueries..........false
14:20:47.835 [main] DEBUG com.zaxxer.hikari.HikariConfig - jdbcUrl.........................jdbc:h2:file:./camunda-h2-database
14:20:47.835 [main] DEBUG com.zaxxer.hikari.HikariConfig - keepaliveTime...................0
14:20:47.835 [main] DEBUG com.zaxxer.hikari.HikariConfig - leakDetectionThreshold..........0
14:20:47.835 [main] DEBUG com.zaxxer.hikari.HikariConfig - maxLifetime.....................1800000
14:20:47.835 [main] DEBUG com.zaxxer.hikari.HikariConfig - maximumPoolSize.................10
14:20:47.836 [main] DEBUG com.zaxxer.hikari.HikariConfig - metricRegistry..................none
14:20:47.836 [main] DEBUG com.zaxxer.hikari.HikariConfig - metricsTrackerFactory...........none
14:20:47.836 [main] DEBUG com.zaxxer.hikari.HikariConfig - minimumIdle.....................10
14:20:47.836 [main] DEBUG com.zaxxer.hikari.HikariConfig - password........................<masked>
14:20:47.836 [main] DEBUG com.zaxxer.hikari.HikariConfig - poolName........................"HikariPool-1"
14:20:47.836 [main] DEBUG com.zaxxer.hikari.HikariConfig - readOnly........................false
14:20:47.836 [main] DEBUG com.zaxxer.hikari.HikariConfig - registerMbeans..................false
14:20:47.836 [main] DEBUG com.zaxxer.hikari.HikariConfig - scheduledExecutor...............none
14:20:47.836 [main] DEBUG com.zaxxer.hikari.HikariConfig - schema..........................none
14:20:47.836 [main] DEBUG com.zaxxer.hikari.HikariConfig - threadFactory...................internal
14:20:47.836 [main] DEBUG com.zaxxer.hikari.HikariConfig - transactionIsolation............default
14:20:47.836 [main] DEBUG com.zaxxer.hikari.HikariConfig - username........................none
14:20:47.836 [main] DEBUG com.zaxxer.hikari.HikariConfig - validationTimeout...............5000
14:20:47.836 [main] INFO  com.zaxxer.hikari.HikariDataSource - HikariPool-1 - Starting...
14:20:47.957 [main] INFO  com.zaxxer.hikari.pool.HikariPool - HikariPool-1 - Added connection conn1: url=jdbc:h2:file:./camunda-h2-database user=
14:20:47.963 [main] INFO  com.zaxxer.hikari.HikariDataSource - HikariPool-1 - Start completed.
14:20:48.071 [HikariPool-1 housekeeper] DEBUG com.zaxxer.hikari.pool.HikariPool - HikariPool-1 - Pool stats (total=1, active=0, idle=1, waiting=0)
14:20:48.073 [HikariPool-1 connection adder] DEBUG com.zaxxer.hikari.pool.HikariPool - HikariPool-1 - Added connection conn2: url=jdbc:h2:file:./camunda-h2-database user=
14:20:48.118 [HikariPool-1 connection adder] DEBUG com.zaxxer.hikari.pool.HikariPool - HikariPool-1 - After adding stats (total=2, active=0, idle=2, waiting=0)
14:20:48.119 [HikariPool-1 connection adder] DEBUG com.zaxxer.hikari.pool.HikariPool - HikariPool-1 - Added connection conn3: url=jdbc:h2:file:./camunda-h2-database user=
14:20:48.165 [HikariPool-1 connection adder] DEBUG com.zaxxer.hikari.pool.HikariPool - HikariPool-1 - After adding stats (total=3, active=0, idle=3, waiting=0)
14:20:48.166 [HikariPool-1 connection adder] DEBUG com.zaxxer.hikari.pool.HikariPool - HikariPool-1 - Added connection conn4: url=jdbc:h2:file:./camunda-h2-database user=
14:20:48.196 [HikariPool-1 connection adder] DEBUG com.zaxxer.hikari.pool.HikariPool - HikariPool-1 - After adding stats (total=4, active=0, idle=4, waiting=0)
14:20:48.197 [HikariPool-1 connection adder] DEBUG com.zaxxer.hikari.pool.HikariPool - HikariPool-1 - Added connection conn5: url=jdbc:h2:file:./camunda-h2-database user=
14:20:48.228 [HikariPool-1 connection adder] DEBUG com.zaxxer.hikari.pool.HikariPool - HikariPool-1 - After adding stats (total=5, active=0, idle=5, waiting=0)
14:20:48.229 [HikariPool-1 connection adder] DEBUG com.zaxxer.hikari.pool.HikariPool - HikariPool-1 - Added connection conn6: url=jdbc:h2:file:./camunda-h2-database user=
14:20:48.261 [HikariPool-1 connection adder] DEBUG com.zaxxer.hikari.pool.HikariPool - HikariPool-1 - After adding stats (total=6, active=0, idle=6, waiting=0)
14:20:48.262 [HikariPool-1 connection adder] DEBUG com.zaxxer.hikari.pool.HikariPool - HikariPool-1 - Added connection conn7: url=jdbc:h2:file:./camunda-h2-database user=
14:20:48.306 [HikariPool-1 connection adder] DEBUG com.zaxxer.hikari.pool.HikariPool - HikariPool-1 - After adding stats (total=7, active=0, idle=7, waiting=0)
14:20:48.307 [HikariPool-1 connection adder] DEBUG com.zaxxer.hikari.pool.HikariPool - HikariPool-1 - Added connection conn8: url=jdbc:h2:file:./camunda-h2-database user=
14:20:48.338 [HikariPool-1 connection adder] DEBUG com.zaxxer.hikari.pool.HikariPool - HikariPool-1 - After adding stats (total=8, active=0, idle=8, waiting=0)
14:20:48.338 [HikariPool-1 connection adder] DEBUG com.zaxxer.hikari.pool.HikariPool - HikariPool-1 - Added connection conn9: url=jdbc:h2:file:./camunda-h2-database user=
14:20:48.370 [HikariPool-1 connection adder] DEBUG com.zaxxer.hikari.pool.HikariPool - HikariPool-1 - After adding stats (total=9, active=0, idle=9, waiting=0)
14:20:48.370 [HikariPool-1 connection adder] DEBUG com.zaxxer.hikari.pool.HikariPool - HikariPool-1 - Added connection conn10: url=jdbc:h2:file:./camunda-h2-database user=
14:20:48.415 [HikariPool-1 connection adder] DEBUG com.zaxxer.hikari.pool.HikariPool - HikariPool-1 - After adding stats (total=10, active=0, idle=10, waiting=0)
14:20:48.505 [main] INFO  org.camunda.bpm.engine - ENGINE-00001 Process Engine default created.
14:20:49.170 [main] INFO  o.c.b.s.b.s.r.CamundaJerseyResourceConfig - Configuring camunda rest api.
14:20:49.202 [main] INFO  o.c.b.s.b.s.r.CamundaJerseyResourceConfig - Finished configuring camunda rest api.
14:20:49.380 [main] DEBUG o.h.v.m.ResourceBundleMessageInterpolator - Loaded expression factory via original TCCL
14:20:49.385 [main] DEBUG o.h.v.i.e.AbstractConfigurationImpl - Setting custom MessageInterpolator of type org.springframework.validation.beanvalidation.LocaleContextMessageInterpolator
14:20:49.385 [main] DEBUG o.h.v.i.e.AbstractConfigurationImpl - Setting custom ConstraintValidatorFactory of type org.springframework.validation.beanvalidation.SpringConstraintValidatorFactory
14:20:49.387 [main] DEBUG o.h.v.i.x.config.ValidationXmlParser - Trying to load META-INF/validation.xml for XML based Validator configuration.
14:20:49.387 [main] DEBUG o.h.v.i.x.c.ResourceLoaderHelper - Trying to load META-INF/validation.xml via user class loader
14:20:49.387 [main] DEBUG o.h.v.i.x.c.ResourceLoaderHelper - Trying to load META-INF/validation.xml via TCCL
14:20:49.387 [main] DEBUG o.h.v.i.x.c.ResourceLoaderHelper - Trying to load META-INF/validation.xml via Hibernate Validator's class loader
14:20:49.387 [main] DEBUG o.h.v.i.x.config.ValidationXmlParser - No META-INF/validation.xml found. Using annotation based configuration only.
14:20:49.388 [main] DEBUG o.h.v.i.e.r.TraversableResolvers - Cannot find jakarta.persistence.Persistence on classpath. Assuming non JPA 2 environment. All properties will per default be traversable.
14:20:49.389 [main] DEBUG o.h.v.i.e.ValidatorFactoryConfigurationHelper - HV000252: Using org.hibernate.validator.internal.engine.DefaultPropertyNodeNameProvider as property node name provider.
14:20:49.389 [main] DEBUG o.h.v.i.e.ValidatorFactoryConfigurationHelper - HV000234: Using org.springframework.validation.beanvalidation.LocaleContextMessageInterpolator as ValidatorFactory-scoped message interpolator.
14:20:49.390 [main] DEBUG o.h.v.i.e.ValidatorFactoryConfigurationHelper - HV000234: Using org.hibernate.validator.internal.engine.resolver.TraverseAllTraversableResolver as ValidatorFactory-scoped traversable resolver.
14:20:49.390 [main] DEBUG o.h.v.i.e.ValidatorFactoryConfigurationHelper - HV000234: Using org.hibernate.validator.internal.util.ExecutableParameterNameProvider as ValidatorFactory-scoped parameter name provider.
14:20:49.390 [main] DEBUG o.h.v.i.e.ValidatorFactoryConfigurationHelper - HV000234: Using org.hibernate.validator.internal.engine.DefaultClockProvider as ValidatorFactory-scoped clock provider.
14:20:49.390 [main] DEBUG o.h.v.i.e.ValidatorFactoryConfigurationHelper - HV000234: Using org.hibernate.validator.internal.engine.scripting.DefaultScriptEvaluatorFactory as ValidatorFactory-scoped script evaluator factory.
14:20:49.515 [main] DEBUG _.s.w.s.HandlerMapping.Mappings - 
	c.e.b.c.BankController:
	{POST [/bank/start/{businessKey}]}: startBankProcess(String)
14:20:49.523 [main] DEBUG _.s.w.s.HandlerMapping.Mappings - 
	o.s.b.a.w.s.e.BasicErrorController:
	{ [/error]}: error(HttpServletRequest)
	{ [/error], produces [text/html]}: errorHtml(HttpServletRequest,HttpServletResponse)
14:20:49.539 [main] DEBUG _.s.w.s.HandlerMapping.Mappings - 'viewControllerHandlerMapping' {/=ParameterizableViewController [view=org.springframework.web.servlet.view.RedirectView: [RedirectView]; URL [/camunda/app/]]}
14:20:49.542 [main] DEBUG _.s.w.s.HandlerMapping.Mappings - 'beanNameHandlerMapping' {}
14:20:49.569 [main] DEBUG _.s.w.s.HandlerMapping.Mappings - 'resourceHandlerMapping' {/webjars/**=ResourceHttpRequestHandler [classpath [META-INF/resources/webjars/]], /**=ResourceHttpRequestHandler [classpath [META-INF/resources/], classpath [resources/], classpath [static/], classpath [public/], ServletContext [/]], /camunda/lib/**=ResourceHttpRequestHandler [classpath [META-INF/resources/webjars/camunda/lib/]], /camunda/api/**=ResourceHttpRequestHandler [classpath [api/]], /camunda/app/**=ResourceHttpRequestHandler [classpath [META-INF/resources/webjars/camunda/app/]], /camunda/assets/**=ResourceHttpRequestHandler [classpath [META-INF/resources/webjars/camunda/assets/]], /camunda/favicon.ico=ResourceHttpRequestHandler [classpath [META-INF/resources/webjars/camunda]]}
14:20:49.748 [main] INFO  c.example.bankService.WorkflowTest - Started WorkflowTest in 3.927 seconds (process running for 6.873)
14:20:49.752 [main] INFO  org.camunda.bpm.engine.jobexecutor - ENGINE-14014 Starting up the JobExecutor[org.camunda.bpm.engine.spring.components.jobexecutor.SpringJobExecutor].
14:20:49.754 [JobExecutor[org.camunda.bpm.engine.spring.components.jobexecutor.SpringJobExecutor]] INFO  org.camunda.bpm.engine.jobexecutor - ENGINE-14018 JobExecutor[org.camunda.bpm.engine.spring.components.jobexecutor.SpringJobExecutor] starting to acquire jobs
14:20:50.613 [main] DEBUG org.camunda.bpm.engine.test - annotation @Deployment deletes deployment for WorkflowTest.shouldExecuteHappyPath
]]></system-out>
  </testcase>
</testsuite>